2025-01-28 06:47:50,229 - INFO - KBArticleConverter initialized.
2025-01-28 06:47:50,657 - INFO - PDF text extracted successfully.
2025-01-28 06:47:50,657 - INFO - Inputs and arguments parsed successfully.
2025-01-28 06:48:10,088 - INFO - KBArticleConverter initialized.
2025-01-28 06:48:10,550 - INFO - PDF text extracted successfully.
2025-01-28 06:48:10,551 - INFO - Inputs and arguments parsed successfully.
2025-01-28 06:48:10,551 - INFO - Configuration saved to /home/rangu.ushasri/src/main/views/hack1/NLP-Based-KBA-Hackathon-/input/KB2_Config.yaml.
2025-01-28 06:51:01,665 - INFO - KBArticleConverter initialized.
2025-01-28 06:51:02,105 - INFO - PDF text extracted successfully.
2025-01-28 06:51:02,106 - INFO - Inputs and arguments parsed successfully.
2025-01-28 06:51:02,107 - INFO - Configuration saved to /home/rangu.ushasri/src/main/views/hack1/NLP-Based-KBA-Hackathon-/input/KB2_Config.yaml.
2025-01-28 06:51:54,382 - INFO - KBArticleConverter initialized.
2025-01-28 06:51:54,813 - INFO - PDF text extracted successfully.
2025-01-28 06:51:54,814 - INFO - Inputs and arguments parsed successfully.
2025-01-28 06:51:54,816 - INFO - Configuration saved to /home/rangu.ushasri/src/main/views/hack1/NLP-Based-KBA-Hackathon-/input/KB1_Config.yaml.
2025-01-28 06:53:30,753 - INFO - KBArticleConverter initialized.
2025-01-28 06:53:31,185 - INFO - PDF text extracted successfully.
2025-01-28 06:53:31,186 - INFO - Inputs and arguments parsed successfully. Total unique inputs: 18
2025-01-28 06:53:31,188 - INFO - Configuration saved to /home/rangu.ushasri/src/main/views/hack1/NLP-Based-KBA-Hackathon-/input/KB1_Config.yaml.
2025-01-28 06:53:51,438 - INFO - KBArticleConverter initialized.
2025-01-28 06:53:51,867 - INFO - PDF text extracted successfully.
2025-01-28 06:53:51,868 - INFO - Inputs and arguments parsed successfully. Total unique inputs: 18
2025-01-28 06:53:51,869 - INFO - Configuration saved to /home/rangu.ushasri/src/main/views/hack1/NLP-Based-KBA-Hackathon-/input/KB1_Config.yaml.
2025-01-28 06:54:12,442 - INFO - KBArticleConverter initialized.
2025-01-28 06:54:12,899 - INFO - PDF text extracted successfully.
2025-01-28 06:54:12,900 - INFO - Inputs and arguments parsed successfully. Total unique inputs: 8
2025-01-28 06:54:12,901 - INFO - Configuration saved to /home/rangu.ushasri/src/main/views/hack1/NLP-Based-KBA-Hackathon-/input/KB2_Config.yaml.
2025-01-28 06:55:22,011 - INFO - KBArticleConverter initialized.
2025-01-28 06:55:22,435 - INFO - PDF text extracted successfully.
2025-01-28 06:55:22,548 - INFO - Inputs and arguments parsed successfully. Total unique inputs: 18
2025-01-28 06:55:22,550 - INFO - Configuration saved to /home/rangu.ushasri/src/main/views/hack1/NLP-Based-KBA-Hackathon-/input/KB1_Config.yaml.
2025-01-28 06:59:27,846 - INFO - KBArticleConverter initialized.
2025-01-28 06:59:28,292 - INFO - PDF text extracted successfully.
2025-01-28 06:59:28,294 - INFO - Inputs and arguments parsed successfully. Total unique inputs: 8
2025-01-28 06:59:28,295 - INFO - Configuration saved to /home/rangu.ushasri/src/main/views/hack1/NLP-Based-KBA-Hackathon-/input/KB2_Config.yaml.
2025-01-28 06:59:50,022 - INFO - KBArticleConverter initialized.
2025-01-28 06:59:50,467 - INFO - PDF text extracted successfully.
2025-01-28 06:59:50,468 - INFO - Inputs and arguments parsed successfully. Total unique inputs: 18
2025-01-28 06:59:50,470 - INFO - Configuration saved to /home/rangu.ushasri/src/main/views/hack1/NLP-Based-KBA-Hackathon-/input/KB1_Config.yaml.
